<testsuites id="" name="" tests="6" failures="5" skipped="0" errors="0" time="208.035562">
<testsuite name="leads.spec.ts" timestamp="2025-08-25T15:47:33.146Z" hostname="chromium" tests="6" failures="5" skipped="0" time="201.174" errors="0">
<testcase name="👥 Gestión de Leads del CRM Phorencial › Sistema de filtros avanzado › 🔍 Filtros básicos disponibles" classname="leads.spec.ts" time="24.192">
<failure message="leads.spec.ts:60:9 🔍 Filtros básicos disponibles" type="FAILURE">
<![CDATA[  [chromium] › leads.spec.ts:60:9 › 👥 Gestión de Leads del CRM Phorencial › Sistema de filtros avanzado › 🔍 Filtros básicos disponibles 

    TimeoutError: page.waitForURL: Timeout 15000ms exceeded.
    =========================== logs ===========================
    waiting for navigation to "/dashboard" until "load"
    ============================================================

       at utils.ts:22

      20 |     
      21 |     // Esperar redirección al dashboard
    > 22 |     await this.page.waitForURL('/dashboard', { timeout: TIMEOUTS.NAVIGATION });
         |                     ^
      23 |     await this.page.waitForSelector(UI_SELECTORS.DASHBOARD_TITLE, { timeout: TIMEOUTS.MEDIUM });
      24 |   }
      25 |
        at TestUtils.login (C:\Users\Santiago Martinez\Documents\augment-projects\PHORENCIAL BOT CRM\tests\utils.ts:22:21)
        at C:\Users\Santiago Martinez\Documents\augment-projects\PHORENCIAL BOT CRM\tests\leads.spec.ts:10:5

    attachment #1: screenshot (image/png) ──────────────────────────────────────────────────────────
    ..\test-results\leads-👥-Gestión-de-Leads--4d09d-Filtros-básicos-disponibles-chromium\test-failed-1.png
    ────────────────────────────────────────────────────────────────────────────────────────────────

    attachment #2: video (video/webm) ──────────────────────────────────────────────────────────────
    ..\test-results\leads-👥-Gestión-de-Leads--4d09d-Filtros-básicos-disponibles-chromium\video.webm
    ────────────────────────────────────────────────────────────────────────────────────────────────

    Error Context: ..\test-results\leads-👥-Gestión-de-Leads--4d09d-Filtros-básicos-disponibles-chromium\error-context.md
]]>
</failure>
<system-out>
<![CDATA[
[[ATTACHMENT|leads-👥-Gestión-de-Leads--4d09d-Filtros-básicos-disponibles-chromium\test-failed-1.png]]

[[ATTACHMENT|leads-👥-Gestión-de-Leads--4d09d-Filtros-básicos-disponibles-chromium\video.webm]]

[[ATTACHMENT|leads-👥-Gestión-de-Leads--4d09d-Filtros-básicos-disponibles-chromium\error-context.md]]
]]>
</system-out>
</testcase>
<testcase name="👥 Gestión de Leads del CRM Phorencial › Sistema de filtros avanzado › 📊 Contadores dinámicos exactos" classname="leads.spec.ts" time="21.886">
<failure message="leads.spec.ts:76:9 📊 Contadores dinámicos exactos" type="FAILURE">
<![CDATA[  [chromium] › leads.spec.ts:76:9 › 👥 Gestión de Leads del CRM Phorencial › Sistema de filtros avanzado › 📊 Contadores dinámicos exactos 

    TimeoutError: page.waitForSelector: Timeout 10000ms exceeded.
    Call log:
      - waiting for locator('h1:has-text("Dashboard")') to be visible


       at utils.ts:23

      21 |     // Esperar redirección al dashboard
      22 |     await this.page.waitForURL('/dashboard', { timeout: TIMEOUTS.NAVIGATION });
    > 23 |     await this.page.waitForSelector(UI_SELECTORS.DASHBOARD_TITLE, { timeout: TIMEOUTS.MEDIUM });
         |                     ^
      24 |   }
      25 |
      26 |   /**
        at TestUtils.login (C:\Users\Santiago Martinez\Documents\augment-projects\PHORENCIAL BOT CRM\tests\utils.ts:23:21)
        at C:\Users\Santiago Martinez\Documents\augment-projects\PHORENCIAL BOT CRM\tests\leads.spec.ts:10:5

    attachment #1: screenshot (image/png) ──────────────────────────────────────────────────────────
    ..\test-results\leads-👥-Gestión-de-Leads--676e3-ontadores-dinámicos-exactos-chromium\test-failed-1.png
    ────────────────────────────────────────────────────────────────────────────────────────────────

    attachment #2: video (video/webm) ──────────────────────────────────────────────────────────────
    ..\test-results\leads-👥-Gestión-de-Leads--676e3-ontadores-dinámicos-exactos-chromium\video.webm
    ────────────────────────────────────────────────────────────────────────────────────────────────

    Error Context: ..\test-results\leads-👥-Gestión-de-Leads--676e3-ontadores-dinámicos-exactos-chromium\error-context.md
]]>
</failure>
<system-out>
<![CDATA[
[[ATTACHMENT|leads-👥-Gestión-de-Leads--676e3-ontadores-dinámicos-exactos-chromium\test-failed-1.png]]

[[ATTACHMENT|leads-👥-Gestión-de-Leads--676e3-ontadores-dinámicos-exactos-chromium\video.webm]]

[[ATTACHMENT|leads-👥-Gestión-de-Leads--676e3-ontadores-dinámicos-exactos-chromium\error-context.md]]
]]>
</system-out>
</testcase>
<testcase name="👥 Gestión de Leads del CRM Phorencial › Sistema de filtros avanzado › 🏷️ Filtrado por estado con contadores exactos" classname="leads.spec.ts" time="37.984">
<failure message="leads.spec.ts:95:9 🏷️ Filtrado por estado con contadores exactos" type="FAILURE">
<![CDATA[  [chromium] › leads.spec.ts:95:9 › 👥 Gestión de Leads del CRM Phorencial › Sistema de filtros avanzado › 🏷️ Filtrado por estado con contadores exactos 

    TimeoutError: page.waitForURL: Timeout 15000ms exceeded.
    =========================== logs ===========================
    waiting for navigation to "/leads" until "load"
    ============================================================

       at utils.ts:46

      44 |
      45 |     await this.page.click(selectors[page]);
    > 46 |     await this.page.waitForURL(`/${page}`, { timeout: TIMEOUTS.NAVIGATION });
         |                     ^
      47 |   }
      48 |
      49 |   /**
        at TestUtils.navigateToPage (C:\Users\Santiago Martinez\Documents\augment-projects\PHORENCIAL BOT CRM\tests\utils.ts:46:21)
        at C:\Users\Santiago Martinez\Documents\augment-projects\PHORENCIAL BOT CRM\tests\leads.spec.ts:11:5

    attachment #1: screenshot (image/png) ──────────────────────────────────────────────────────────
    ..\test-results\leads-👥-Gestión-de-Leads--ddee0-tado-con-contadores-exactos-chromium\test-failed-1.png
    ────────────────────────────────────────────────────────────────────────────────────────────────

    attachment #2: video (video/webm) ──────────────────────────────────────────────────────────────
    ..\test-results\leads-👥-Gestión-de-Leads--ddee0-tado-con-contadores-exactos-chromium\video.webm
    ────────────────────────────────────────────────────────────────────────────────────────────────

    Error Context: ..\test-results\leads-👥-Gestión-de-Leads--ddee0-tado-con-contadores-exactos-chromium\error-context.md
]]>
</failure>
<system-out>
<![CDATA[
[[ATTACHMENT|leads-👥-Gestión-de-Leads--ddee0-tado-con-contadores-exactos-chromium\test-failed-1.png]]

[[ATTACHMENT|leads-👥-Gestión-de-Leads--ddee0-tado-con-contadores-exactos-chromium\video.webm]]

[[ATTACHMENT|leads-👥-Gestión-de-Leads--ddee0-tado-con-contadores-exactos-chromium\error-context.md]]
]]>
</system-out>
</testcase>
<testcase name="👥 Gestión de Leads del CRM Phorencial › Sistema de filtros avanzado › 🗺️ Filtrado por zonas geográficas de Formosa" classname="leads.spec.ts" time="32.229">
<failure message="leads.spec.ts:122:9 🗺️ Filtrado por zonas geográficas de Formosa" type="FAILURE">
<![CDATA[  [chromium] › leads.spec.ts:122:9 › 👥 Gestión de Leads del CRM Phorencial › Sistema de filtros avanzado › 🗺️ Filtrado por zonas geográficas de Formosa 

    TimeoutError: page.waitForURL: Timeout 15000ms exceeded.
    =========================== logs ===========================
    waiting for navigation to "/dashboard" until "load"
    ============================================================

       at utils.ts:22

      20 |     
      21 |     // Esperar redirección al dashboard
    > 22 |     await this.page.waitForURL('/dashboard', { timeout: TIMEOUTS.NAVIGATION });
         |                     ^
      23 |     await this.page.waitForSelector(UI_SELECTORS.DASHBOARD_TITLE, { timeout: TIMEOUTS.MEDIUM });
      24 |   }
      25 |
        at TestUtils.login (C:\Users\Santiago Martinez\Documents\augment-projects\PHORENCIAL BOT CRM\tests\utils.ts:22:21)
        at C:\Users\Santiago Martinez\Documents\augment-projects\PHORENCIAL BOT CRM\tests\leads.spec.ts:10:5

    attachment #1: screenshot (image/png) ──────────────────────────────────────────────────────────
    ..\test-results\leads-👥-Gestión-de-Leads--36960-onas-geográficas-de-Formosa-chromium\test-failed-1.png
    ────────────────────────────────────────────────────────────────────────────────────────────────

    attachment #2: video (video/webm) ──────────────────────────────────────────────────────────────
    ..\test-results\leads-👥-Gestión-de-Leads--36960-onas-geográficas-de-Formosa-chromium\video.webm
    ────────────────────────────────────────────────────────────────────────────────────────────────

    Error Context: ..\test-results\leads-👥-Gestión-de-Leads--36960-onas-geográficas-de-Formosa-chromium\error-context.md
]]>
</failure>
<system-out>
<![CDATA[
[[ATTACHMENT|leads-👥-Gestión-de-Leads--36960-onas-geográficas-de-Formosa-chromium\test-failed-1.png]]

[[ATTACHMENT|leads-👥-Gestión-de-Leads--36960-onas-geográficas-de-Formosa-chromium\video.webm]]

[[ATTACHMENT|leads-👥-Gestión-de-Leads--36960-onas-geográficas-de-Formosa-chromium\error-context.md]]
]]>
</system-out>
</testcase>
<testcase name="👥 Gestión de Leads del CRM Phorencial › Sistema de filtros avanzado › 🔍 Búsqueda por nombre, teléfono y email" classname="leads.spec.ts" time="19.656">
</testcase>
<testcase name="👥 Gestión de Leads del CRM Phorencial › Sistema de filtros avanzado › 🔄 Combinación de filtros múltiples" classname="leads.spec.ts" time="65.227">
<failure message="leads.spec.ts:167:9 🔄 Combinación de filtros múltiples" type="FAILURE">
<![CDATA[  [chromium] › leads.spec.ts:167:9 › 👥 Gestión de Leads del CRM Phorencial › Sistema de filtros avanzado › 🔄 Combinación de filtros múltiples 

    Test timeout of 60000ms exceeded.

    Error: page.selectOption: Test timeout of 60000ms exceeded.
    Call log:
      - waiting for locator('select[name="estado"]')


       at utils.ts:93

      91 |    */
      92 |   async filterByEstado(estado: string) {
    > 93 |     await this.page.selectOption(UI_SELECTORS.ESTADO_FILTER, estado);
         |                     ^
      94 |     
      95 |     // Esperar a que la tabla se actualice
      96 |     await this.page.waitForTimeout(1000);
        at TestUtils.filterByEstado (C:\Users\Santiago Martinez\Documents\augment-projects\PHORENCIAL BOT CRM\tests\utils.ts:93:21)
        at C:\Users\Santiago Martinez\Documents\augment-projects\PHORENCIAL BOT CRM\tests\leads.spec.ts:169:19

    attachment #1: screenshot (image/png) ──────────────────────────────────────────────────────────
    ..\test-results\leads-👥-Gestión-de-Leads--f4174-nación-de-filtros-múltiples-chromium\test-failed-1.png
    ────────────────────────────────────────────────────────────────────────────────────────────────

    attachment #2: video (video/webm) ──────────────────────────────────────────────────────────────
    ..\test-results\leads-👥-Gestión-de-Leads--f4174-nación-de-filtros-múltiples-chromium\video.webm
    ────────────────────────────────────────────────────────────────────────────────────────────────

    Error Context: ..\test-results\leads-👥-Gestión-de-Leads--f4174-nación-de-filtros-múltiples-chromium\error-context.md
]]>
</failure>
<system-out>
<![CDATA[
[[ATTACHMENT|leads-👥-Gestión-de-Leads--f4174-nación-de-filtros-múltiples-chromium\test-failed-1.png]]

[[ATTACHMENT|leads-👥-Gestión-de-Leads--f4174-nación-de-filtros-múltiples-chromium\video.webm]]

[[ATTACHMENT|leads-👥-Gestión-de-Leads--f4174-nación-de-filtros-múltiples-chromium\error-context.md]]
]]>
</system-out>
</testcase>
</testsuite>
</testsuites>